<?xml version="1.0" encoding="UTF-8"?>
<!-- Generated by org.testng.reporters.JUnitReportReporter -->
<testsuite hostname="ASDP1728PO02529" name="com.qait.training.init.SpecReader" tests="1" failures="0" timestamp="14 Aug 2017 06:02:46 GMT" time="0.019" errors="0">
  <testcase name="getElementsfromFile" time="0.019" classname="com.qait.training.init.SpecReader"/>
</testsuite> <!-- com.qait.training.init.SpecReader -->
