<?xml version="1.0" encoding="UTF-8"?>
<!-- Generated by org.testng.reporters.JUnitReportReporter -->
<testsuite hostname="ASDP1728PO02529" name="com.qait.training.tests.LoginPageTest" tests="1" failures="0" timestamp="4 Sep 2017 12:25:29 GMT" time="2.608" errors="0">
  <testcase name="Test01_verifyUserCanSuccessfullyLogin" time="2.608" classname="com.qait.training.tests.LoginPageTest"/>
</testsuite> <!-- com.qait.training.tests.LoginPageTest -->
